-- Setup the table
--
SELECT hll_set_output_version(1);
 hll_set_output_version 
------------------------
                      1
(1 row)

DROP TABLE IF EXISTS test_bmbffonl;
NOTICE:  table "test_bmbffonl" does not exist, skipping
CREATE TABLE test_bmbffonl (
    recno                       SERIAL,
    cardinality                 double precision,
    compressed_multiset         hll,
    union_cardinality           double precision,
    union_compressed_multiset   hll
);
-- Copy the CSV data into the table
--
\copy test_bmbffonl (cardinality,compressed_multiset,union_cardinality,union_compressed_multiset) from sql/data/cumulative_union_sparse_sparse.csv with csv header
SELECT COUNT(*) FROM test_bmbffonl;
 count 
-------
   513
(1 row)

-- Cardinality of incremental multisets
--
SELECT recno,
       cardinality,
       hll_cardinality(compressed_multiset)
  FROM test_bmbffonl
 WHERE cardinality != hll_cardinality(compressed_multiset);
 recno | cardinality | hll_cardinality 
-------+-------------+-----------------
(0 rows)

-- Cardinality of unioned multisets
--
SELECT recno,
       union_cardinality,
       hll_cardinality(union_compressed_multiset)
  FROM test_bmbffonl
 WHERE union_cardinality != hll_cardinality(union_compressed_multiset);
 recno | union_cardinality | hll_cardinality 
-------+-------------------+-----------------
(0 rows)

-- Test union of incremental multiset.
--
SELECT curr.recno,
       curr.union_compressed_multiset,
       hll_union(curr.compressed_multiset, prev.union_compressed_multiset) 
  FROM test_bmbffonl prev, test_bmbffonl curr
 WHERE curr.recno > 1
   AND curr.recno = prev.recno + 1
   AND curr.union_compressed_multiset != 
       hll_union(curr.compressed_multiset, prev.union_compressed_multiset);
 recno | union_compressed_multiset | hll_union 
-------+---------------------------+-----------
(0 rows)

-- Test cardinality of union of incremental multiset.
--
SELECT curr.recno,
       curr.union_cardinality,
       hll_cardinality(hll_union(curr.compressed_multiset,
                                 prev.union_compressed_multiset))
  FROM test_bmbffonl prev, test_bmbffonl curr
 WHERE curr.recno > 1
   AND curr.recno = prev.recno + 1
   AND curr.union_cardinality != 
       hll_cardinality(hll_union(curr.compressed_multiset,
                                 prev.union_compressed_multiset));
 recno | union_cardinality | hll_cardinality 
-------+-------------------+-----------------
(0 rows)

-- Test aggregate accumulation
--
SELECT v1.recno,
       v1.union_compressed_multiset,
       (select hll_union_agg(compressed_multiset)
          from test_bmbffonl
         where recno <= v1.recno) as hll_union_agg
  FROM test_bmbffonl v1
 WHERE v1.union_compressed_multiset !=
       (select hll_union_agg(compressed_multiset)
          from test_bmbffonl
         where recno <= v1.recno);
 recno | union_compressed_multiset | hll_union_agg 
-------+---------------------------+---------------
(0 rows)

-- Test aggregate accumulation with cardinality
--
SELECT v1.recno,
       ceil(v1.union_cardinality),
       (select ceiling(hll_cardinality(hll_union_agg(compressed_multiset)))
          from test_bmbffonl
         where recno <= v1.recno) as ceiling
  FROM test_bmbffonl v1
 WHERE ceil(v1.union_cardinality) !=
       (select ceiling(hll_cardinality(hll_union_agg(compressed_multiset)))
          from test_bmbffonl
         where recno <= v1.recno);
 recno | ceil | ceiling 
-------+------+---------
(0 rows)

DROP TABLE test_bmbffonl;
