-- Tests for package DBMS_RANDOM
SELECT dbms_random.initialize(8);
 initialize
------------

(1 row)

SELECT dbms_random.normal()::numeric(10, 8);
   normal
-------------
 -3.83566924
(1 row)

SELECT dbms_random.normal()::numeric(10, 8);
   normal
-------------
 -1.62292887
(1 row)

SELECT dbms_random.seed(8);
 seed
------

(1 row)

SELECT dbms_random.random();
   random
-------------
 -2147214734
(1 row)

SELECT dbms_random.seed('test');
 seed
------

(1 row)

SELECT dbms_random.string('U',5);
 string
--------
 TPZXT
(1 row)

SELECT dbms_random.string('P',2);
 string
--------
 3a
(1 row)

SELECT dbms_random.string('x',4);
 string
--------
 ZCHL
(1 row)

SELECT dbms_random.string('a',2);
 string
--------
 Hm
(1 row)

SELECT dbms_random.string('l',3);
 string
--------
 sdq
(1 row)

SELECT dbms_random.seed(5);
 seed
------

(1 row)

SELECT dbms_random.value()::numeric(10, 8);
   value
------------
 0.00003913
(1 row)

SELECT dbms_random.value(10,15)::numeric(10, 8);
    value
-------------
 13.28844470
(1 row)

SELECT dbms_random.terminate();
 terminate
-----------

(1 row)

SELECT dbms_random.string('u', 10);
   string
------------
 UHRCGKKRXP
(1 row)

SELECT dbms_random.string('l', 10);
   string
------------
 eegqjbxicl
(1 row)

SELECT dbms_random.string('a', 10);
   string
------------
 XHmHxoeACQ
(1 row)

SELECT dbms_random.string('x', 10);
   string
------------
 B8ON5SYT8W
(1 row)

SELECT dbms_random.string('p', 10);
   string
------------
 QD];eb;tLx
(1 row)

SELECT dbms_random.string('uu', 10); -- error
ERROR:  this first parameter value is more than 1 characters long
SELECT dbms_random.string('w', 10);
   string
------------
 EJUVLMOHNN
(1 row)
