\set VERBOSITY terse
-- predictability
SET synchronous_commit = on;
SET extra_float_digits = 0;
CREATE TABLE table_integer (a smallserial, b smallint, c int, d bigint);
CREATE TABLE table_decimal (a real, b double precision, c numeric);
SELECT 'init' FROM pg_create_logical_replication_slot('regression_slot', 'wal2json');
 ?column? 
----------
 init
(1 row)

BEGIN;
INSERT INTO table_integer (b, c, d) VALUES(32767, 2147483647, 9223372036854775807);
INSERT INTO table_integer (b, c, d) VALUES(-32768, -2147483648, -9223372036854775808);
INSERT INTO table_decimal (a, b) VALUES('Infinity', 'Infinity');
INSERT INTO table_decimal (a, b) VALUES('-Infinity', '-Infinity');
INSERT INTO table_decimal (a, b, c) VALUES('NaN', 'NaN', 'NaN');
INSERT INTO table_decimal (a, b, c) VALUES(123.456, 123456789.012345, 1234567890987654321.1234567890987654321);
INSERT INTO table_decimal (a, b, c) VALUES(-123.456, -123456789.012345, -1234567890987654321.1234567890987654321);
COMMIT;
SELECT data FROM pg_logical_slot_peek_changes('regression_slot', NULL, NULL, 'format-version', '1', 'pretty-print', '1', 'numeric-data-types-as-string', '1');
                                                         data                                                          
-----------------------------------------------------------------------------------------------------------------------
 {                                                                                                                    +
         "change": [                                                                                                  +
                 {                                                                                                    +
                         "kind": "insert",                                                                            +
                         "schema": "public",                                                                          +
                         "table": "table_integer",                                                                    +
                         "columnnames": ["a", "b", "c", "d"],                                                         +
                         "columntypes": ["smallint", "smallint", "integer", "bigint"],                                +
                         "columnvalues": ["1", "32767", "2147483647", "9223372036854775807"]                          +
                 }                                                                                                    +
                 ,{                                                                                                   +
                         "kind": "insert",                                                                            +
                         "schema": "public",                                                                          +
                         "table": "table_integer",                                                                    +
                         "columnnames": ["a", "b", "c", "d"],                                                         +
                         "columntypes": ["smallint", "smallint", "integer", "bigint"],                                +
                         "columnvalues": ["2", "-32768", "-2147483648", "-9223372036854775808"]                       +
                 }                                                                                                    +
                 ,{                                                                                                   +
                         "kind": "insert",                                                                            +
                         "schema": "public",                                                                          +
                         "table": "table_decimal",                                                                    +
                         "columnnames": ["a", "b", "c"],                                                              +
                         "columntypes": ["real", "double precision", "numeric"],                                      +
                         "columnvalues": ["Infinity", "Infinity", null]                                               +
                 }                                                                                                    +
                 ,{                                                                                                   +
                         "kind": "insert",                                                                            +
                         "schema": "public",                                                                          +
                         "table": "table_decimal",                                                                    +
                         "columnnames": ["a", "b", "c"],                                                              +
                         "columntypes": ["real", "double precision", "numeric"],                                      +
                         "columnvalues": ["-Infinity", "-Infinity", null]                                             +
                 }                                                                                                    +
                 ,{                                                                                                   +
                         "kind": "insert",                                                                            +
                         "schema": "public",                                                                          +
                         "table": "table_decimal",                                                                    +
                         "columnnames": ["a", "b", "c"],                                                              +
                         "columntypes": ["real", "double precision", "numeric"],                                      +
                         "columnvalues": ["NaN", "NaN", "NaN"]                                                        +
                 }                                                                                                    +
                 ,{                                                                                                   +
                         "kind": "insert",                                                                            +
                         "schema": "public",                                                                          +
                         "table": "table_decimal",                                                                    +
                         "columnnames": ["a", "b", "c"],                                                              +
                         "columntypes": ["real", "double precision", "numeric"],                                      +
                         "columnvalues": ["123.456", "123456789.012345", "1234567890987654321.1234567890987654321"]   +
                 }                                                                                                    +
                 ,{                                                                                                   +
                         "kind": "insert",                                                                            +
                         "schema": "public",                                                                          +
                         "table": "table_decimal",                                                                    +
                         "columnnames": ["a", "b", "c"],                                                              +
                         "columntypes": ["real", "double precision", "numeric"],                                      +
                         "columnvalues": ["-123.456", "-123456789.012345", "-1234567890987654321.1234567890987654321"]+
                 }                                                                                                    +
         ]                                                                                                            +
 }
(1 row)

SELECT data FROM pg_logical_slot_peek_changes('regression_slot', NULL, NULL, 'format-version', '1', 'pretty-print', '1');
                                                      data                                                       
-----------------------------------------------------------------------------------------------------------------
 {                                                                                                              +
         "change": [                                                                                            +
                 {                                                                                              +
                         "kind": "insert",                                                                      +
                         "schema": "public",                                                                    +
                         "table": "table_integer",                                                              +
                         "columnnames": ["a", "b", "c", "d"],                                                   +
                         "columntypes": ["smallint", "smallint", "integer", "bigint"],                          +
                         "columnvalues": [1, 32767, 2147483647, 9223372036854775807]                            +
                 }                                                                                              +
                 ,{                                                                                             +
                         "kind": "insert",                                                                      +
                         "schema": "public",                                                                    +
                         "table": "table_integer",                                                              +
                         "columnnames": ["a", "b", "c", "d"],                                                   +
                         "columntypes": ["smallint", "smallint", "integer", "bigint"],                          +
                         "columnvalues": [2, -32768, -2147483648, -9223372036854775808]                         +
                 }                                                                                              +
                 ,{                                                                                             +
                         "kind": "insert",                                                                      +
                         "schema": "public",                                                                    +
                         "table": "table_decimal",                                                              +
                         "columnnames": ["a", "b", "c"],                                                        +
                         "columntypes": ["real", "double precision", "numeric"],                                +
                         "columnvalues": [null, null, null]                                                     +
                 }                                                                                              +
                 ,{                                                                                             +
                         "kind": "insert",                                                                      +
                         "schema": "public",                                                                    +
                         "table": "table_decimal",                                                              +
                         "columnnames": ["a", "b", "c"],                                                        +
                         "columntypes": ["real", "double precision", "numeric"],                                +
                         "columnvalues": [null, null, null]                                                     +
                 }                                                                                              +
                 ,{                                                                                             +
                         "kind": "insert",                                                                      +
                         "schema": "public",                                                                    +
                         "table": "table_decimal",                                                              +
                         "columnnames": ["a", "b", "c"],                                                        +
                         "columntypes": ["real", "double precision", "numeric"],                                +
                         "columnvalues": [null, null, null]                                                     +
                 }                                                                                              +
                 ,{                                                                                             +
                         "kind": "insert",                                                                      +
                         "schema": "public",                                                                    +
                         "table": "table_decimal",                                                              +
                         "columnnames": ["a", "b", "c"],                                                        +
                         "columntypes": ["real", "double precision", "numeric"],                                +
                         "columnvalues": [123.456, 123456789.012345, 1234567890987654321.1234567890987654321]   +
                 }                                                                                              +
                 ,{                                                                                             +
                         "kind": "insert",                                                                      +
                         "schema": "public",                                                                    +
                         "table": "table_decimal",                                                              +
                         "columnnames": ["a", "b", "c"],                                                        +
                         "columntypes": ["real", "double precision", "numeric"],                                +
                         "columnvalues": [-123.456, -123456789.012345, -1234567890987654321.1234567890987654321]+
                 }                                                                                              +
         ]                                                                                                      +
 }
(1 row)

SELECT data FROM pg_logical_slot_peek_changes('regression_slot', NULL, NULL, 'format-version', '2', 'numeric-data-types-as-string', '1');
                                                                                                                                      data                                                                                                                                       
---------------------------------------------------------------------------------------------------------------------------------------------------------------------------------------------------------------------------------------------------------------------------------
 {"action":"B"}
 {"action":"I","schema":"public","table":"table_integer","columns":[{"name":"a","type":"smallint","value":"1"},{"name":"b","type":"smallint","value":"32767"},{"name":"c","type":"integer","value":"2147483647"},{"name":"d","type":"bigint","value":"9223372036854775807"}]}
 {"action":"I","schema":"public","table":"table_integer","columns":[{"name":"a","type":"smallint","value":"2"},{"name":"b","type":"smallint","value":"-32768"},{"name":"c","type":"integer","value":"-2147483648"},{"name":"d","type":"bigint","value":"-9223372036854775808"}]}
 {"action":"I","schema":"public","table":"table_decimal","columns":[{"name":"a","type":"real","value":"Infinity"},{"name":"b","type":"double precision","value":"Infinity"},{"name":"c","type":"numeric","value":null}]}
 {"action":"I","schema":"public","table":"table_decimal","columns":[{"name":"a","type":"real","value":"-Infinity"},{"name":"b","type":"double precision","value":"-Infinity"},{"name":"c","type":"numeric","value":null}]}
 {"action":"I","schema":"public","table":"table_decimal","columns":[{"name":"a","type":"real","value":"NaN"},{"name":"b","type":"double precision","value":"NaN"},{"name":"c","type":"numeric","value":"NaN"}]}
 {"action":"I","schema":"public","table":"table_decimal","columns":[{"name":"a","type":"real","value":"123.456"},{"name":"b","type":"double precision","value":"123456789.012345"},{"name":"c","type":"numeric","value":"1234567890987654321.1234567890987654321"}]}
 {"action":"I","schema":"public","table":"table_decimal","columns":[{"name":"a","type":"real","value":"-123.456"},{"name":"b","type":"double precision","value":"-123456789.012345"},{"name":"c","type":"numeric","value":"-1234567890987654321.1234567890987654321"}]}
 {"action":"C"}
(9 rows)

SELECT data FROM pg_logical_slot_peek_changes('regression_slot', NULL, NULL, 'format-version', '2');
                                                                                                                                  data                                                                                                                                   
-------------------------------------------------------------------------------------------------------------------------------------------------------------------------------------------------------------------------------------------------------------------------
 {"action":"B"}
 {"action":"I","schema":"public","table":"table_integer","columns":[{"name":"a","type":"smallint","value":1},{"name":"b","type":"smallint","value":32767},{"name":"c","type":"integer","value":2147483647},{"name":"d","type":"bigint","value":9223372036854775807}]}
 {"action":"I","schema":"public","table":"table_integer","columns":[{"name":"a","type":"smallint","value":2},{"name":"b","type":"smallint","value":-32768},{"name":"c","type":"integer","value":-2147483648},{"name":"d","type":"bigint","value":-9223372036854775808}]}
 {"action":"I","schema":"public","table":"table_decimal","columns":[{"name":"a","type":"real","value":null},{"name":"b","type":"double precision","value":null},{"name":"c","type":"numeric","value":null}]}
 {"action":"I","schema":"public","table":"table_decimal","columns":[{"name":"a","type":"real","value":null},{"name":"b","type":"double precision","value":null},{"name":"c","type":"numeric","value":null}]}
 {"action":"I","schema":"public","table":"table_decimal","columns":[{"name":"a","type":"real","value":null},{"name":"b","type":"double precision","value":null},{"name":"c","type":"numeric","value":null}]}
 {"action":"I","schema":"public","table":"table_decimal","columns":[{"name":"a","type":"real","value":123.456},{"name":"b","type":"double precision","value":123456789.012345},{"name":"c","type":"numeric","value":1234567890987654321.1234567890987654321}]}
 {"action":"I","schema":"public","table":"table_decimal","columns":[{"name":"a","type":"real","value":-123.456},{"name":"b","type":"double precision","value":-123456789.012345},{"name":"c","type":"numeric","value":-1234567890987654321.1234567890987654321}]}
 {"action":"C"}
(9 rows)

SELECT 'stop' FROM pg_drop_replication_slot('regression_slot');
 ?column? 
----------
 stop
(1 row)

DROP TABLE table_integer;
DROP TABLE table_decimal;
