CREATE EXTENSION IF NOT EXISTS pg_stat_monitor;
--
-- create / alter user
--
SELECT pg_stat_monitor_reset();
 pg_stat_monitor_reset
-----------------------

(1 row)

CREATE USER foo PASSWORD 'foo';
ALTER USER foo PASSWORD 'foo2';
CREATE ROLE bar PASSWORD 'bar';
ALTER ROLE bar PASSWORD 'bar2';
SELECT username, query FROM pg_stat_monitor ORDER BY query COLLATE "C";
 username |                query
----------+-------------------------------------
 yugabyte | ALTER ROLE bar PASSWORD <REDACTED>
 yugabyte | ALTER USER foo PASSWORD <REDACTED>
 yugabyte | CREATE ROLE bar PASSWORD <REDACTED>
 yugabyte | CREATE USER foo PASSWORD <REDACTED>
 yugabyte | SELECT pg_stat_monitor_reset()
(5 rows)

DROP USER foo;
DROP ROLE bar;
