\set VERBOSITY terse
-- predictability
SET synchronous_commit = on;
SELECT 'init' FROM pg_create_logical_replication_slot('regression_slot', 'wal2json');
 ?column? 
----------
 init
(1 row)

SELECT data FROM pg_logical_slot_get_changes('regression_slot', NULL, NULL, 'nosuchopt', '42');
ERROR:  option "nosuchopt" = "42" is unknown
-- By default don't write in chunks
CREATE TABLE x ();
DROP TABLE x;
SELECT data FROM pg_logical_slot_peek_changes('regression_slot', NULL, NULL, 'include-xids', 'f');
     data      
---------------
 {"change":[]}
 {"change":[]}
(2 rows)

SELECT data FROM pg_logical_slot_get_changes('regression_slot', NULL, NULL, 'include-xids', 'f', 'write-in-chunks', 't');
    data     
-------------
 {"change":[
 ]}
 {"change":[
 ]}
(4 rows)

-- By default don't write xids
CREATE TABLE gimmexid (id integer PRIMARY KEY);
INSERT INTO gimmexid values (1);
DROP TABLE gimmexid;
SELECT max(((data::json) -> 'xid')::text::int) < txid_current() FROM pg_logical_slot_peek_changes('regression_slot', NULL, NULL, 'include-xids', '1');
 ?column? 
----------
 t
(1 row)

SELECT max(((data::json) -> 'xid')::text::int) + 10 > txid_current() FROM pg_logical_slot_peek_changes('regression_slot', NULL, NULL, 'include-xids', '1');
 ?column? 
----------
 t
(1 row)

SELECT data FROM pg_logical_slot_peek_changes('regression_slot', NULL, NULL) where ((data::json) -> 'xid') IS NOT NULL;
 data 
------
(0 rows)

SELECT 'stop' FROM pg_drop_replication_slot('regression_slot');
 ?column? 
----------
 stop
(1 row)

