\unset ECHO
1..57
ok 1 - col_not_null( sch, tab, col, desc ) should pass
ok 2 - col_not_null( sch, tab, col, desc ) should have the proper description
ok 3 - col_not_null( sch, tab, col, desc ) should have the proper diagnostics
ok 4 - col_not_null( tab, col, desc ) should pass
ok 5 - col_not_null( tab, col, desc ) should have the proper description
ok 6 - col_not_null( tab, col, desc ) should have the proper diagnostics
ok 7 - col_not_null( table, column ) should pass
ok 8 - col_not_null( table, column ) should have the proper description
ok 9 - col_not_null( table, column ) should have the proper diagnostics
ok 10 - col_not_null( table, column ) fail should fail
ok 11 - col_not_null( table, column ) fail should have the proper description
ok 12 - col_not_null( table, column ) fail should have the proper diagnostics
ok 13 - col_is_null( sch, tab, col, desc ) should pass
ok 14 - col_is_null( sch, tab, col, desc ) should have the proper description
ok 15 - col_is_null( sch, tab, col, desc ) should have the proper diagnostics
ok 16 - col_is_null( tab, col, desc ) should pass
ok 17 - col_is_null( tab, col, desc ) should have the proper description
ok 18 - col_is_null( tab, col, desc ) should have the proper diagnostics
ok 19 - col_is_null( tab, col ) should pass
ok 20 - col_is_null( tab, col ) should have the proper description
ok 21 - col_is_null( tab, col ) should have the proper diagnostics
ok 22 - col_is_null( tab, col ) fail should fail
ok 23 - col_is_null( tab, col ) fail should have the proper description
ok 24 - col_is_null( tab, col ) fail should have the proper diagnostics
ok 25 - col_type_is( sch, tab, col, type, desc ) should pass
ok 26 - col_type_is( sch, tab, col, type, desc ) should have the proper description
ok 27 - col_type_is( sch, tab, col, type, desc ) should have the proper diagnostics
ok 28 - col_type_is( tab, col, type, desc ) should pass
ok 29 - col_type_is( tab, col, type, desc ) should have the proper description
ok 30 - col_type_is( tab, col, type, desc ) should have the proper diagnostics
ok 31 - col_type_is( tab, col, type ) should pass
ok 32 - col_type_is( tab, col, type ) should have the proper description
ok 33 - col_type_is( tab, col, type ) should have the proper diagnostics
ok 34 - col_type_is( tab, col, type ) insensitive should pass
ok 35 - col_type_is( tab, col, type ) insensitive should have the proper description
ok 36 - col_type_is( tab, col, type ) insensitive should have the proper diagnostics
ok 37 - col_type_is( tab, col, type ) fail should fail
ok 38 - col_type_is( tab, col, type ) fail should have the proper description
ok 39 - col_type_is( tab, col, type ) fail should have the proper diagnostics
ok 40 - col_type_is with precision should pass
ok 41 - col_type_is with precision should have the proper description
ok 42 - col_type_is with precision should have the proper diagnostics
ok 43 - col_type_is precision fail should fail
ok 44 - col_type_is precision fail should have the proper description
ok 45 - col_type_is precision fail should have the proper diagnostics
ok 46 - col_default_is( sch, tab, col, def, desc ) should pass
ok 47 - col_default_is( sch, tab, col, def, desc ) should have the proper description
ok 48 - col_default_is( sch, tab, col, def, desc ) should have the proper diagnostics
ok 49 - col_default_is() fail should fail
ok 50 - col_default_is() fail should have the proper description
ok 51 - col_default_is() fail should have the proper diagnostics
ok 52 - col_default_is( tab, col, def, desc ) should pass
ok 53 - col_default_is( tab, col, def, desc ) should have the proper description
ok 54 - col_default_is( tab, col, def, desc ) should have the proper diagnostics
ok 55 - col_default_is( tab, col, def ) should pass
ok 56 - col_default_is( tab, col, def ) should have the proper description
ok 57 - col_default_is( tab, col, def ) should have the proper diagnostics
