LOAD 'agensgraph';
SET search_path TO ag_catalog;
-- cypher() function takes only a dollar-quoted string constant as an argument.
-- All other cases throw an error.
SELECT * FROM cypher($$RETURN 0$$) AS r(c agtype);
 c 
---
 0
(1 row)

WITH r(c) AS (
  SELECT * FROM cypher($$RETURN 0$$) AS r(c agtype)
)
SELECT * FROM r;
 c 
---
 0
(1 row)

SELECT * FROM cypher('RETURN 0') AS r(c text);
ERROR:  a dollar-quoted string constant is expected
LINE 1: SELECT * FROM cypher('RETURN 0') AS r(c text);
                             ^
SELECT * FROM cypher(NULL) AS r(c text);
ERROR:  a dollar-quoted string constant is expected
LINE 1: SELECT * FROM cypher(NULL) AS r(c text);
                             ^
WITH q(s) AS (
  VALUES (textout($$RETURN 0$$))
)
SELECT * FROM q, cypher(q.s) AS r(c text);
ERROR:  a dollar-quoted string constant is expected
LINE 4: SELECT * FROM q, cypher(q.s) AS r(c text);
                                ^
-- The numbers of the attributes must match.
SELECT * FROM cypher($$RETURN 0$$) AS r(c text, x text);
ERROR:  return row and column definition list do not match
LINE 1: SELECT * FROM cypher($$RETURN 0$$) AS r(c text, x text);
                      ^
-- cypher() function can be called in ROWS FROM only if it is there solely.
SELECT * FROM ROWS FROM (cypher($$RETURN 0$$) AS (c agtype));
 c 
---
 0
(1 row)

SELECT * FROM ROWS FROM (cypher($$RETURN 0$$) AS (c text),
                         generate_series(1, 2));
ERROR:  cypher(...) in ROWS FROM is not supported
LINE 1: SELECT * FROM ROWS FROM (cypher($$RETURN 0$$) AS (c text),
                                 ^
-- WITH ORDINALITY is not supported.
SELECT * FROM ROWS FROM (cypher($$RETURN 0$$) AS (c text)) WITH ORDINALITY;
ERROR:  WITH ORDINALITY is not supported
LINE 1: SELECT * FROM ROWS FROM (cypher($$RETURN 0$$) AS (c text)) W...
                                 ^
-- cypher() function cannot be called in expressions.
-- However, it can be called in subqueries.
SELECT cypher($$RETURN 0$$);
ERROR:  cypher(...) in expressions is not supported
LINE 1: SELECT cypher($$RETURN 0$$);
               ^
HINT:  Use subquery instead if possible.
SELECT (SELECT * FROM cypher($$RETURN 0$$) AS r(c agtype));
 c 
---
 0
(1 row)

-- Attributes returned from cypher() function are agtype. If other than agtype
-- is given in the column definition list and there is a type coercion from
-- agtype to the given type, agtype will be coerced to that type. If there is
-- not such a coercion, an error is thrown.
SELECT * FROM cypher($$RETURN true$$) AS (c bool);
 c 
---
 t
(1 row)

SELECT * FROM cypher($$RETURN 0$$) AS (c oid);
ERROR:  cannot cast type agtype to oid for column "c"
LINE 1: SELECT * FROM cypher($$RETURN 0$$) AS (c oid);
                      ^
SELECT * FROM cypher($$CREATE ()$$) AS (a agtype);
 a 
---
(0 rows)

SELECT * FROM cypher($$CREATE ()$$) AS (a int);
ERROR:  column definition list for a CREATE clause must contain a single agtype entry
LINE 1: SELECT * FROM cypher($$CREATE ()$$) AS (a int);
                      ^
SELECT * FROM cypher($$CREATE ()$$) AS (a agtype, b int);
ERROR:  column definition list for a CREATE clause must contain a single agtype entry
LINE 1: SELECT * FROM cypher($$CREATE ()$$) AS (a agtype, b int);
                      ^
