LOAD 'agensgraph';
SET search_path TO ag_catalog;
SELECT create_graph('cypher_create');
NOTICE:  graph "cypher_create" has been created
 create_graph 
--------------
 
(1 row)

SELECT * FROM cypher('cypher_create', $$CREATE ()$$) AS (a agtype);
 a 
---
(0 rows)

SELECT * FROM cypher('cypher_create', $$CREATE (:label1)$$) as q(a agtype);
 a 
---
(0 rows)

SELECT * FROM cypher('cypher_create', $$CREATE ()-[]-()$$) as q(a agtype);
ERROR:  edges are not supported in CREATE clause
LINE 1: SELECT * FROM cypher('cypher_create', $$CREATE ()-[]-()$$) a...
                                               ^
SELECT * FROM cypher_create.label1;
 id | properties 
----+------------
(0 rows)

-- Column definition list for CREATE clause must contain a single agtype
-- attribute.
SELECT * FROM cypher('cypher_create', $$CREATE ()$$) AS (a int);
ERROR:  column definition list for CREATE clause must contain a single agtype attribute
LINE 1: SELECT * FROM cypher('cypher_create', $$CREATE ()$$) AS (a i...
                      ^
HINT:  ... cypher($$ ... CREATE ... $$) AS t(c agtype) ...
SELECT * FROM cypher('cypher_create', $$CREATE ()$$) AS (a agtype, b int);
ERROR:  column definition list for CREATE clause must contain a single agtype attribute
LINE 1: SELECT * FROM cypher('cypher_create', $$CREATE ()$$) AS (a a...
                      ^
HINT:  ... cypher($$ ... CREATE ... $$) AS t(c agtype) ...
SELECT drop_graph('cypher_create', true);
NOTICE:  drop cascades to table cypher_create.label1
NOTICE:  graph "cypher_create" has been dropped
 drop_graph 
------------
 
(1 row)

