\set ECHO
1..30
ok 1 - My pass() passed, w00t!
ok 2 - Testing fail()
ok 3 - We should get the proper output from fail()
ok 4 - The output of finish() should reflect the test failure
ok 5 - We should have one failure
ok 6 - We should now have no failures
ok 7 - diag() should work properly
ok 8 - multiline diag() should work properly
ok 9 - multiline diag() should work properly with existing comments
ok 10 - no_plan() should have stored a plan of 0
ok 11 - Set the plan to 4000
ok 12 - The output of finish() should reflect a high test plan
ok 13 - Set the plan to 4
ok 14 - The output of finish() should reflect a low test plan
ok 15 - Reset the plan
ok 16 - plan() should have stored the test count
ok 17 - ok() success
ok 18 - ok(true) should work
ok 19 - ok() success 2
ok 20 - ok(true, '') should work
ok 21 - ok() success 3
ok 22 - ok(true, 'foo') should work
ok 23 - ok() failure
ok 24 - ok(false) should work
ok 25 - ok() failure 2
ok 26 - ok(false, '') should work
ok 27 - ok() failure 3
ok 28 - ok(false, 'foo') should work
ok 29 - Multline diagnostics
ok 30 - multiline desriptions should have subsequent lines escaped
