CREATE EXTENSION mage;
SELECT extname, extversion FROM pg_extension WHERE extname = 'mage';
 extname | extversion 
---------+------------
 mage    | 1.6.0
(1 row)

SET search_path TO mag_catalog;
SELECT create_graph('basic');
NOTICE:  substituting access method "lsm" for "btree" in YugabyteDB
NOTICE:  substituting access method "lsm" for "btree" in YugabyteDB
NOTICE:  substituting access method "lsm" for "btree" in YugabyteDB
NOTICE:  graph "basic" has been created
 create_graph 
--------------
 
(1 row)

SELECT name, namespace FROM ag_graph WHERE name = 'basic';
 name  | namespace 
-------+-----------
 basic | basic
(1 row)

SELECT * FROM cypher('basic', $$ CREATE (:person {name: 'Alice'}) $$) AS (a agtype);
NOTICE:  substituting access method "lsm" for "btree" in YugabyteDB
LINE 1: SELECT * FROM cypher('basic', $$ CREATE (:person {name: 'Ali...
                                       ^
 a 
---
(0 rows)

SELECT * FROM cypher('basic', $$ CREATE (:person {name: 'Bob'}) $$) AS (a agtype);
 a 
---
(0 rows)

SELECT * FROM cypher('basic', $$ MATCH (n:person) RETURN count(n) $$) AS (cnt agtype);
 cnt 
-----
 2
(1 row)

-- YB: create_complete_graph and age_create_barbell_graph reach
-- yb_insert_*_simple, which lacks tenant column support yet (#31338).
-- Confirm they raise feature_not_supported rather than violating the
-- meko_* NOT NULL constraints.
SELECT create_complete_graph('basic', 3, 'gen_edge', 'gen_vertex');
NOTICE:  substituting access method "lsm" for "btree" in YugabyteDB
NOTICE:  VLabel "gen_vertex" has been created
NOTICE:  substituting access method "lsm" for "btree" in YugabyteDB
NOTICE:  ELabel "gen_edge" has been created
ERROR:  simple vertex insert is not supported on YugabyteDB yet (#31338)
SELECT age_create_barbell_graph('basic', 3, 0, 'bb_vertex', NULL, 'bb_edge', NULL);
NOTICE:  substituting access method "lsm" for "btree" in YugabyteDB
NOTICE:  VLabel "bb_vertex" has been created
NOTICE:  substituting access method "lsm" for "btree" in YugabyteDB
NOTICE:  ELabel "bb_edge" has been created
ERROR:  simple vertex insert is not supported on YugabyteDB yet (#31338)
RESET search_path;
-- DROP EXTENSION must trigger ag_ProcessUtility_hook -> drop_age_extension,
-- which cleans up the per-graph schema. The two count(*) queries below catch
-- regressions in is_age_drop()'s extension-name match.
DROP EXTENSION mage;
NOTICE:  drop cascades to 3 other objects
DETAIL:  drop cascades to table basic._ag_label_edge
drop cascades to table basic._ag_label_vertex
drop cascades to table basic.person
NOTICE:  graph "basic" has been dropped
SELECT count(*) FROM pg_extension WHERE extname = 'mage';
 count 
-------
     0
(1 row)

SELECT count(*) FROM pg_namespace WHERE nspname = 'basic';
 count 
-------
     0
(1 row)

