--
-- YB: YugabyteDB-lineage analog of upstream oldextversions.
--
-- YB analog of upstream's oldextversions. YB ships a different extension lineage, so this
-- walks YB's supported upgrade path (1.10-yb-1.0 -> 1.10-yb-2.0 -> 1.10-yb-2.1 -> 1.13-yb-1.0)
-- and checks each step's schema matches a fresh install of the final version.
-- pg_stat_statements is pre-loaded in YB, so drop it first to install the oldest version clean.
SET client_min_messages = 'warning';
DROP EXTENSION IF EXISTS pg_stat_statements;
RESET client_min_messages;
-- Oldest YB version that ships a full-install script.
CREATE EXTENSION pg_stat_statements WITH VERSION '1.10-yb-1.0';
\d pg_stat_statements
                      View "public.pg_stat_statements"
         Column         |       Type       | Collation | Nullable | Default 
------------------------+------------------+-----------+----------+---------
 userid                 | oid              |           |          | 
 dbid                   | oid              |           |          | 
 toplevel               | boolean          |           |          | 
 queryid                | bigint           |           |          | 
 query                  | text             |           |          | 
 plans                  | bigint           |           |          | 
 total_plan_time        | double precision |           |          | 
 min_plan_time          | double precision |           |          | 
 max_plan_time          | double precision |           |          | 
 mean_plan_time         | double precision |           |          | 
 stddev_plan_time       | double precision |           |          | 
 calls                  | bigint           |           |          | 
 total_exec_time        | double precision |           |          | 
 min_exec_time          | double precision |           |          | 
 max_exec_time          | double precision |           |          | 
 mean_exec_time         | double precision |           |          | 
 stddev_exec_time       | double precision |           |          | 
 rows                   | bigint           |           |          | 
 shared_blks_hit        | bigint           |           |          | 
 shared_blks_read       | bigint           |           |          | 
 shared_blks_dirtied    | bigint           |           |          | 
 shared_blks_written    | bigint           |           |          | 
 local_blks_hit         | bigint           |           |          | 
 local_blks_read        | bigint           |           |          | 
 local_blks_dirtied     | bigint           |           |          | 
 local_blks_written     | bigint           |           |          | 
 temp_blks_read         | bigint           |           |          | 
 temp_blks_written      | bigint           |           |          | 
 blk_read_time          | double precision |           |          | 
 blk_write_time         | double precision |           |          | 
 temp_blk_read_time     | double precision |           |          | 
 temp_blk_write_time    | double precision |           |          | 
 wal_records            | bigint           |           |          | 
 wal_fpi                | bigint           |           |          | 
 wal_bytes              | numeric          |           |          | 
 jit_functions          | bigint           |           |          | 
 jit_generation_time    | double precision |           |          | 
 jit_inlining_count     | bigint           |           |          | 
 jit_inlining_time      | double precision |           |          | 
 jit_optimization_count | bigint           |           |          | 
 jit_optimization_time  | double precision |           |          | 
 jit_emission_count     | bigint           |           |          | 
 jit_emission_time      | double precision |           |          | 
 yb_latency_histogram   | jsonb            |           |          | 

SELECT count(*) >= 0 AS callable FROM pg_stat_statements;
 callable 
----------
 t
(1 row)

ALTER EXTENSION pg_stat_statements UPDATE TO '1.10-yb-2.0';
\d pg_stat_statements
                      View "public.pg_stat_statements"
         Column         |       Type       | Collation | Nullable | Default 
------------------------+------------------+-----------+----------+---------
 userid                 | oid              |           |          | 
 dbid                   | oid              |           |          | 
 toplevel               | boolean          |           |          | 
 queryid                | bigint           |           |          | 
 query                  | text             |           |          | 
 plans                  | bigint           |           |          | 
 total_plan_time        | double precision |           |          | 
 min_plan_time          | double precision |           |          | 
 max_plan_time          | double precision |           |          | 
 mean_plan_time         | double precision |           |          | 
 stddev_plan_time       | double precision |           |          | 
 calls                  | bigint           |           |          | 
 total_exec_time        | double precision |           |          | 
 min_exec_time          | double precision |           |          | 
 max_exec_time          | double precision |           |          | 
 mean_exec_time         | double precision |           |          | 
 stddev_exec_time       | double precision |           |          | 
 rows                   | bigint           |           |          | 
 shared_blks_hit        | bigint           |           |          | 
 shared_blks_read       | bigint           |           |          | 
 shared_blks_dirtied    | bigint           |           |          | 
 shared_blks_written    | bigint           |           |          | 
 local_blks_hit         | bigint           |           |          | 
 local_blks_read        | bigint           |           |          | 
 local_blks_dirtied     | bigint           |           |          | 
 local_blks_written     | bigint           |           |          | 
 temp_blks_read         | bigint           |           |          | 
 temp_blks_written      | bigint           |           |          | 
 blk_read_time          | double precision |           |          | 
 blk_write_time         | double precision |           |          | 
 temp_blk_read_time     | double precision |           |          | 
 temp_blk_write_time    | double precision |           |          | 
 wal_records            | bigint           |           |          | 
 wal_fpi                | bigint           |           |          | 
 wal_bytes              | numeric          |           |          | 
 jit_functions          | bigint           |           |          | 
 jit_generation_time    | double precision |           |          | 
 jit_inlining_count     | bigint           |           |          | 
 jit_inlining_time      | double precision |           |          | 
 jit_optimization_count | bigint           |           |          | 
 jit_optimization_time  | double precision |           |          | 
 jit_emission_count     | bigint           |           |          | 
 jit_emission_time      | double precision |           |          | 
 yb_latency_histogram   | jsonb            |           |          | 
 docdb_read_rpcs        | bigint           |           |          | 
 docdb_write_rpcs       | bigint           |           |          | 
 catalog_wait_time      | double precision |           |          | 
 docdb_read_operations  | bigint           |           |          | 
 docdb_write_operations | bigint           |           |          | 
 docdb_rows_scanned     | bigint           |           |          | 
 docdb_rows_returned    | bigint           |           |          | 
 docdb_wait_time        | double precision |           |          | 
 conflict_retries       | bigint           |           |          | 
 read_restart_retries   | bigint           |           |          | 
 total_retries          | bigint           |           |          | 

SELECT count(*) >= 0 AS callable FROM pg_stat_statements;
 callable 
----------
 t
(1 row)

ALTER EXTENSION pg_stat_statements UPDATE TO '1.10-yb-2.1';
\d pg_stat_statements
                        View "public.pg_stat_statements"
           Column            |       Type       | Collation | Nullable | Default 
-----------------------------+------------------+-----------+----------+---------
 userid                      | oid              |           |          | 
 dbid                        | oid              |           |          | 
 toplevel                    | boolean          |           |          | 
 queryid                     | bigint           |           |          | 
 query                       | text             |           |          | 
 plans                       | bigint           |           |          | 
 total_plan_time             | double precision |           |          | 
 min_plan_time               | double precision |           |          | 
 max_plan_time               | double precision |           |          | 
 mean_plan_time              | double precision |           |          | 
 stddev_plan_time            | double precision |           |          | 
 calls                       | bigint           |           |          | 
 total_exec_time             | double precision |           |          | 
 min_exec_time               | double precision |           |          | 
 max_exec_time               | double precision |           |          | 
 mean_exec_time              | double precision |           |          | 
 stddev_exec_time            | double precision |           |          | 
 rows                        | bigint           |           |          | 
 shared_blks_hit             | bigint           |           |          | 
 shared_blks_read            | bigint           |           |          | 
 shared_blks_dirtied         | bigint           |           |          | 
 shared_blks_written         | bigint           |           |          | 
 local_blks_hit              | bigint           |           |          | 
 local_blks_read             | bigint           |           |          | 
 local_blks_dirtied          | bigint           |           |          | 
 local_blks_written          | bigint           |           |          | 
 temp_blks_read              | bigint           |           |          | 
 temp_blks_written           | bigint           |           |          | 
 blk_read_time               | double precision |           |          | 
 blk_write_time              | double precision |           |          | 
 temp_blk_read_time          | double precision |           |          | 
 temp_blk_write_time         | double precision |           |          | 
 wal_records                 | bigint           |           |          | 
 wal_fpi                     | bigint           |           |          | 
 wal_bytes                   | numeric          |           |          | 
 jit_functions               | bigint           |           |          | 
 jit_generation_time         | double precision |           |          | 
 jit_inlining_count          | bigint           |           |          | 
 jit_inlining_time           | double precision |           |          | 
 jit_optimization_count      | bigint           |           |          | 
 jit_optimization_time       | double precision |           |          | 
 jit_emission_count          | bigint           |           |          | 
 jit_emission_time           | double precision |           |          | 
 yb_latency_histogram        | jsonb            |           |          | 
 docdb_read_rpcs             | bigint           |           |          | 
 docdb_write_rpcs            | bigint           |           |          | 
 catalog_wait_time           | double precision |           |          | 
 docdb_read_operations       | bigint           |           |          | 
 docdb_write_operations      | bigint           |           |          | 
 docdb_rows_scanned          | bigint           |           |          | 
 docdb_rows_returned         | bigint           |           |          | 
 docdb_wait_time             | double precision |           |          | 
 conflict_retries            | bigint           |           |          | 
 read_restart_retries        | bigint           |           |          | 
 total_retries               | bigint           |           |          | 
 docdb_obsolete_rows_scanned | bigint           |           |          | 
 docdb_seeks                 | bigint           |           |          | 
 docdb_nexts                 | bigint           |           |          | 
 docdb_prevs                 | bigint           |           |          | 
 docdb_read_time             | double precision |           |          | 
 docdb_write_time            | double precision |           |          | 

SELECT count(*) >= 0 AS callable FROM pg_stat_statements;
 callable 
----------
 t
(1 row)

ALTER EXTENSION pg_stat_statements UPDATE TO '1.13-yb-1.0';
\d pg_stat_statements
                            View "public.pg_stat_statements"
           Column            |           Type           | Collation | Nullable | Default 
-----------------------------+--------------------------+-----------+----------+---------
 userid                      | oid                      |           |          | 
 dbid                        | oid                      |           |          | 
 toplevel                    | boolean                  |           |          | 
 queryid                     | bigint                   |           |          | 
 query                       | text                     |           |          | 
 plans                       | bigint                   |           |          | 
 total_plan_time             | double precision         |           |          | 
 min_plan_time               | double precision         |           |          | 
 max_plan_time               | double precision         |           |          | 
 mean_plan_time              | double precision         |           |          | 
 stddev_plan_time            | double precision         |           |          | 
 calls                       | bigint                   |           |          | 
 total_exec_time             | double precision         |           |          | 
 min_exec_time               | double precision         |           |          | 
 max_exec_time               | double precision         |           |          | 
 mean_exec_time              | double precision         |           |          | 
 stddev_exec_time            | double precision         |           |          | 
 rows                        | bigint                   |           |          | 
 shared_blks_hit             | bigint                   |           |          | 
 shared_blks_read            | bigint                   |           |          | 
 shared_blks_dirtied         | bigint                   |           |          | 
 shared_blks_written         | bigint                   |           |          | 
 local_blks_hit              | bigint                   |           |          | 
 local_blks_read             | bigint                   |           |          | 
 local_blks_dirtied          | bigint                   |           |          | 
 local_blks_written          | bigint                   |           |          | 
 temp_blks_read              | bigint                   |           |          | 
 temp_blks_written           | bigint                   |           |          | 
 shared_blk_read_time        | double precision         |           |          | 
 shared_blk_write_time       | double precision         |           |          | 
 local_blk_read_time         | double precision         |           |          | 
 local_blk_write_time        | double precision         |           |          | 
 temp_blk_read_time          | double precision         |           |          | 
 temp_blk_write_time         | double precision         |           |          | 
 wal_records                 | bigint                   |           |          | 
 wal_fpi                     | bigint                   |           |          | 
 wal_bytes                   | numeric                  |           |          | 
 wal_buffers_full            | bigint                   |           |          | 
 jit_functions               | bigint                   |           |          | 
 jit_generation_time         | double precision         |           |          | 
 jit_inlining_count          | bigint                   |           |          | 
 jit_inlining_time           | double precision         |           |          | 
 jit_optimization_count      | bigint                   |           |          | 
 jit_optimization_time       | double precision         |           |          | 
 jit_emission_count          | bigint                   |           |          | 
 jit_emission_time           | double precision         |           |          | 
 jit_deform_count            | bigint                   |           |          | 
 jit_deform_time             | double precision         |           |          | 
 parallel_workers_to_launch  | bigint                   |           |          | 
 parallel_workers_launched   | bigint                   |           |          | 
 generic_plan_calls          | bigint                   |           |          | 
 custom_plan_calls           | bigint                   |           |          | 
 stats_since                 | timestamp with time zone |           |          | 
 minmax_stats_since          | timestamp with time zone |           |          | 
 yb_latency_histogram        | jsonb                    |           |          | 
 docdb_read_rpcs             | bigint                   |           |          | 
 docdb_write_rpcs            | bigint                   |           |          | 
 catalog_wait_time           | double precision         |           |          | 
 docdb_read_operations       | bigint                   |           |          | 
 docdb_write_operations      | bigint                   |           |          | 
 docdb_rows_scanned          | bigint                   |           |          | 
 docdb_rows_returned         | bigint                   |           |          | 
 docdb_wait_time             | double precision         |           |          | 
 conflict_retries            | bigint                   |           |          | 
 read_restart_retries        | bigint                   |           |          | 
 total_retries               | bigint                   |           |          | 
 docdb_obsolete_rows_scanned | bigint                   |           |          | 
 docdb_seeks                 | bigint                   |           |          | 
 docdb_nexts                 | bigint                   |           |          | 
 docdb_prevs                 | bigint                   |           |          | 
 docdb_read_time             | double precision         |           |          | 
 docdb_write_time            | double precision         |           |          | 

SELECT count(*) >= 0 AS callable FROM pg_stat_statements;
 callable 
----------
 t
(1 row)

-- The minmax_only argument (from upstream 1.11) is folded into the 1.13-yb-1.0 step.
SELECT pg_get_functiondef('pg_stat_statements_reset'::regproc);
                                                                        pg_get_functiondef                                                                         
-------------------------------------------------------------------------------------------------------------------------------------------------------------------
 CREATE OR REPLACE FUNCTION public.pg_stat_statements_reset(userid oid DEFAULT 0, dbid oid DEFAULT 0, queryid bigint DEFAULT 0, minmax_only boolean DEFAULT false)+
  RETURNS timestamp with time zone                                                                                                                                +
  LANGUAGE c                                                                                                                                                      +
  PARALLEL SAFE STRICT                                                                                                                                            +
 AS '$libdir/pg_stat_statements', $function$pg_stat_statements_reset_1_11$function$                                                                               +
 
(1 row)

-- Equivalence: the schema reached by upgrading must match a fresh 1.13-yb-1.0 install.
SELECT pg_get_functiondef('pg_stat_statements(boolean)'::regprocedure) AS d \gset upg_
SELECT pg_get_viewdef('pg_stat_statements'::regclass) AS d \gset upg_v_
DROP EXTENSION pg_stat_statements;
CREATE EXTENSION pg_stat_statements WITH VERSION '1.13-yb-1.0';
SELECT pg_get_functiondef('pg_stat_statements(boolean)'::regprocedure) AS d \gset fresh_
SELECT pg_get_viewdef('pg_stat_statements'::regclass) AS d \gset fresh_v_
SELECT :'upg_d'   = :'fresh_d'   AS function_upgraded_equals_fresh;
 function_upgraded_equals_fresh 
--------------------------------
 t
(1 row)

SELECT :'upg_v_d' = :'fresh_v_d' AS view_upgraded_equals_fresh;
 view_upgraded_equals_fresh 
----------------------------
 t
(1 row)

-- YB: leave the extension dropped so the next yb.orig.* entry starts clean.
DROP EXTENSION pg_stat_statements;
