--
-- PGP FIPS cipher restrictions
--
CREATE EXTENSION pgcrypto;
-- crypto functions disabled.  Non-FIPS PGP ciphers are blocked.
SET pgcrypto.builtin_crypto_enabled = off;
SELECT pgp_sym_encrypt('data', 'key', 'cipher-algo=bf');
ERROR:  use of built-in crypto functions is disabled
SELECT pgp_sym_encrypt('data', 'key', 'cipher-algo=3des');
ERROR:  use of built-in crypto functions is disabled
SELECT pgp_sym_encrypt('data', 'key', 'cipher-algo=cast5');
ERROR:  use of built-in crypto functions is disabled
-- FIPS-approved ciphers should still work
SELECT pgp_sym_decrypt(pgp_sym_encrypt('Secret.', 'key', 'cipher-algo=aes128'),
	'key', 'expect-cipher-algo=aes128');
 pgp_sym_decrypt 
-----------------
 Secret.
(1 row)

SELECT pgp_sym_decrypt(pgp_sym_encrypt('Secret.', 'key', 'cipher-algo=aes256'),
	'key', 'expect-cipher-algo=aes256');
 pgp_sym_decrypt 
-----------------
 Secret.
(1 row)

RESET pgcrypto.builtin_crypto_enabled;
-- crypto functions enabled.  All work.
SET pgcrypto.builtin_crypto_enabled = on;
SELECT pgp_sym_decrypt(pgp_sym_encrypt('Secret.', 'key', 'cipher-algo=aes128'),
	'key', 'expect-cipher-algo=aes128');
 pgp_sym_decrypt 
-----------------
 Secret.
(1 row)

SELECT pgp_sym_decrypt(pgp_sym_encrypt('Secret.', 'key', 'cipher-algo=aes192'),
	'key', 'expect-cipher-algo=aes192');
 pgp_sym_decrypt 
-----------------
 Secret.
(1 row)

SELECT pgp_sym_decrypt(pgp_sym_encrypt('Secret.', 'key', 'cipher-algo=aes256'),
	'key', 'expect-cipher-algo=aes256');
 pgp_sym_decrypt 
-----------------
 Secret.
(1 row)

SELECT pgp_sym_decrypt(pgp_sym_encrypt('Secret.', 'key', 'cipher-algo=bf'),
	'key', 'expect-cipher-algo=bf');
 pgp_sym_decrypt 
-----------------
 Secret.
(1 row)

SELECT pgp_sym_decrypt(pgp_sym_encrypt('Secret.', 'key', 'cipher-algo=3des'),
	'key', 'expect-cipher-algo=3des');
 pgp_sym_decrypt 
-----------------
 Secret.
(1 row)

SELECT pgp_sym_decrypt(pgp_sym_encrypt('Secret.', 'key', 'cipher-algo=cast5'),
	'key', 'expect-cipher-algo=cast5');
 pgp_sym_decrypt 
-----------------
 Secret.
(1 row)

RESET pgcrypto.builtin_crypto_enabled;
-- crypto functions with FIPS mode.
SELECT fips_mode() AS is_fips \gset
\if :is_fips
SET pgcrypto.builtin_crypto_enabled = fips;
-- non-AES ciphers must error
SELECT pgp_sym_encrypt('data', 'key', 'cipher-algo=bf');
ERROR:  use of non-FIPS validated crypto not allowed when OpenSSL is in FIPS mode
SELECT pgp_sym_encrypt('data', 'key', 'cipher-algo=3des');
ERROR:  use of non-FIPS validated crypto not allowed when OpenSSL is in FIPS mode
SELECT pgp_sym_encrypt('data', 'key', 'cipher-algo=cast5');
ERROR:  use of non-FIPS validated crypto not allowed when OpenSSL is in FIPS mode
-- AES ciphers work
SELECT pgp_sym_decrypt(pgp_sym_encrypt('Secret.', 'key', 'cipher-algo=aes128'),
	'key', 'expect-cipher-algo=aes128');
 pgp_sym_decrypt 
-----------------
 Secret.
(1 row)

SELECT pgp_sym_decrypt(pgp_sym_encrypt('Secret.', 'key', 'cipher-algo=aes256'),
	'key', 'expect-cipher-algo=aes256');
 pgp_sym_decrypt 
-----------------
 Secret.
(1 row)

-- AES round trip under FIPS
SELECT pgp_sym_decrypt(pgp_sym_encrypt('FIPS round trip test', 'key',
	'cipher-algo=aes256'), 'key');
   pgp_sym_decrypt
----------------------
 FIPS round trip test
(1 row)

RESET pgcrypto.builtin_crypto_enabled;
\endif
