CREATE EXTENSION pg_stat_monitor;
SELECT pg_stat_monitor_reset();
 pg_stat_monitor_reset 
-----------------------
 
(1 row)

SELECT * from pg_stat_monitor_settings where name = 'pg_stat_monitor.pgsm_track_planning';
                name                 | value | default_value |                   description                    | minimum | maximum | options | restart 
-------------------------------------+-------+---------------+--------------------------------------------------+---------+---------+---------+---------
 pg_stat_monitor.pgsm_track_planning | yes   | no            | Selects whether planning statistics are tracked. |         |         | yes, no | no
(1 row)

SELECT * from pg_stat_monitor_settings where name = 'pg_stat_monitor.pgsm_track_planning';
                name                 | value | default_value |                   description                    | minimum | maximum | options | restart 
-------------------------------------+-------+---------------+--------------------------------------------------+---------+---------+---------+---------
 pg_stat_monitor.pgsm_track_planning | yes   | no            | Selects whether planning statistics are tracked. |         |         | yes, no | no
(1 row)

SELECT query, calls, total_plan_time, min_plan_time, max_plan_time, mean_plan_time, stddev_plan_time from pg_stat_monitor;
select substr(query, 0,100) as query, calls, total_plan_time, min_plan_time,max_plan_time,mean_plan_time,stddev_plan_time from pg_stat_monitor order by query;
SELECT pg_stat_monitor_reset();
 pg_stat_monitor_reset 
-----------------------
 
(1 row)

SELECT * from pg_stat_monitor_settings where name = 'pg_stat_monitor.pgsm_track_planning';
                name                 | value | default_value |                   description                    | minimum | maximum | options | restart 
-------------------------------------+-------+---------------+--------------------------------------------------+---------+---------+---------+---------
 pg_stat_monitor.pgsm_track_planning | no    | no            | Selects whether planning statistics are tracked. |         |         | yes, no | no
(1 row)

SELECT * from pg_stat_monitor_settings where name = 'pg_stat_monitor.pgsm_track_planning';
                name                 | value | default_value |                   description                    | minimum | maximum | options | restart 
-------------------------------------+-------+---------------+--------------------------------------------------+---------+---------+---------+---------
 pg_stat_monitor.pgsm_track_planning | no    | no            | Selects whether planning statistics are tracked. |         |         | yes, no | no
(1 row)

SELECT query, calls, total_plan_time, min_plan_time, max_plan_time, mean_plan_time, stddev_plan_time from pg_stat_monitor;
select substr(query, 0,100) as query, calls, total_plan_time, min_plan_time,max_plan_time,mean_plan_time,stddev_plan_time from pg_stat_monitor order by query;
SELECT pg_stat_monitor_reset();
 pg_stat_monitor_reset 
-----------------------
 
(1 row)

Drop extension pg_stat_monitor;
