CREATE EXTENSION pg_stat_monitor;
SELECT pg_stat_monitor_reset();
 pg_stat_monitor_reset 
-----------------------
 
(1 row)

SELECT * from pg_stat_monitor_settings where name='pg_stat_monitor.pgsm_query_shared_buffer';
                   name                   | value | default_value |                                        description                                        | minimum | maximum | options | restart 
------------------------------------------+-------+---------------+-------------------------------------------------------------------------------------------+---------+---------+---------+---------
 pg_stat_monitor.pgsm_query_shared_buffer | 1     | 20            | Sets the maximum size of shared memory in (MB) used for query tracked by pg_stat_monitor. |       1 |   10000 |         | yes
(1 row)

CREATE database example;
select datname, substr(query,0,150) as query, calls from pg_stat_monitor order by datname, query, calls desc Limit 20;
 datname |                                                     query                                                     | calls 
---------+---------------------------------------------------------------------------------------------------------------+-------
 example | BEGIN                                                                                                         | 10000
 example | END                                                                                                           | 10000
 example | INSERT INTO pgbench_history (tid, bid, aid, delta, mtime) VALUES ($1, $2, $3, $4, CURRENT_TIMESTAMP)          | 10000
 example | SELECT abalance FROM pgbench_accounts WHERE aid = $1                                                          | 10000
 example | UPDATE pgbench_accounts SET abalance = abalance + $1 WHERE aid = $2                                           | 10000
 example | UPDATE pgbench_branches SET bbalance = bbalance + $1 WHERE bid = $2                                           | 10000
 example | UPDATE pgbench_tellers SET tbalance = tbalance + $1 WHERE tid = $2                                            | 10000
 example | alter table pgbench_accounts add primary key (aid)                                                            |     1
 example | alter table pgbench_branches add primary key (bid)                                                            |     1
 example | alter table pgbench_tellers add primary key (tid)                                                             |     1
 example | begin                                                                                                         |     1
 example | commit                                                                                                        |     1
 example | copy pgbench_accounts from stdin                                                                              |     1
 example | create table pgbench_accounts(aid    int not null,bid int,abalance int,filler char(84)) with (fillfactor=100) |     1
 example | create table pgbench_branches(bid int not null,bbalance int,filler char(88)) with (fillfactor=100)            |     1
 example | create table pgbench_history(tid int,bid int,aid    int,delta int,mtime timestamp,filler char(22))            |     1
 example | create table pgbench_tellers(tid int not null,bid int,tbalance int,filler char(84)) with (fillfactor=100)     |     1
 example | drop table if exists pgbench_accounts, pgbench_branches, pgbench_history, pgbench_tellers                     |     1
 example | insert into pgbench_branches(bid,bbalance) values($1,$2)                                                      |   100
 example | insert into pgbench_tellers(tid,bid,tbalance) values ($1,$2,$3)                                               |  1000
(20 rows)

SELECT pg_stat_monitor_reset();
 pg_stat_monitor_reset 
-----------------------
 
(1 row)

SELECT * from pg_stat_monitor_settings where name='pg_stat_monitor.pgsm_query_shared_buffer';
                   name                   | value | default_value |                                        description                                        | minimum | maximum | options | restart 
------------------------------------------+-------+---------------+-------------------------------------------------------------------------------------------+---------+---------+---------+---------
 pg_stat_monitor.pgsm_query_shared_buffer | 100   | 20            | Sets the maximum size of shared memory in (MB) used for query tracked by pg_stat_monitor. |       1 |   10000 |         | yes
(1 row)

select datname, substr(query,0,150) as query, calls from pg_stat_monitor order by datname, query, calls desc Limit 20;
 datname |                                                     query                                                     | calls 
---------+---------------------------------------------------------------------------------------------------------------+-------
 example | BEGIN                                                                                                         | 10000
 example | END                                                                                                           | 10000
 example | INSERT INTO pgbench_history (tid, bid, aid, delta, mtime) VALUES ($1, $2, $3, $4, CURRENT_TIMESTAMP)          | 10000
 example | SELECT abalance FROM pgbench_accounts WHERE aid = $1                                                          | 10000
 example | UPDATE pgbench_accounts SET abalance = abalance + $1 WHERE aid = $2                                           | 10000
 example | UPDATE pgbench_branches SET bbalance = bbalance + $1 WHERE bid = $2                                           | 10000
 example | UPDATE pgbench_tellers SET tbalance = tbalance + $1 WHERE tid = $2                                            | 10000
 example | alter table pgbench_accounts add primary key (aid)                                                            |     1
 example | alter table pgbench_branches add primary key (bid)                                                            |     1
 example | alter table pgbench_tellers add primary key (tid)                                                             |     1
 example | begin                                                                                                         |     1
 example | commit                                                                                                        |     1
 example | copy pgbench_accounts from stdin                                                                              |     1
 example | create table pgbench_accounts(aid    int not null,bid int,abalance int,filler char(84)) with (fillfactor=100) |     1
 example | create table pgbench_branches(bid int not null,bbalance int,filler char(88)) with (fillfactor=100)            |     1
 example | create table pgbench_history(tid int,bid int,aid    int,delta int,mtime timestamp,filler char(22))            |     1
 example | create table pgbench_tellers(tid int not null,bid int,tbalance int,filler char(84)) with (fillfactor=100)     |     1
 example | drop table if exists pgbench_accounts, pgbench_branches, pgbench_history, pgbench_tellers                     |     1
 example | insert into pgbench_branches(bid,bbalance) values($1,$2)                                                      |   100
 example | insert into pgbench_tellers(tid,bid,tbalance) values ($1,$2,$3)                                               |  1000
(20 rows)

SELECT pg_stat_monitor_reset();
 pg_stat_monitor_reset 
-----------------------
 
(1 row)

SELECT * from pg_stat_monitor_settings where name='pg_stat_monitor.pgsm_query_shared_buffer';
                   name                   | value | default_value |                                        description                                        | minimum | maximum | options | restart 
------------------------------------------+-------+---------------+-------------------------------------------------------------------------------------------+---------+---------+---------+---------
 pg_stat_monitor.pgsm_query_shared_buffer | 20    | 20            | Sets the maximum size of shared memory in (MB) used for query tracked by pg_stat_monitor. |       1 |   10000 |         | yes
(1 row)

select datname, substr(query,0,150) as query, calls from pg_stat_monitor order by datname, query, calls desc Limit 20;
 datname |                                                     query                                                     | calls 
---------+---------------------------------------------------------------------------------------------------------------+-------
 example | BEGIN                                                                                                         | 10000
 example | END                                                                                                           | 10000
 example | INSERT INTO pgbench_history (tid, bid, aid, delta, mtime) VALUES ($1, $2, $3, $4, CURRENT_TIMESTAMP)          | 10000
 example | SELECT abalance FROM pgbench_accounts WHERE aid = $1                                                          | 10000
 example | UPDATE pgbench_accounts SET abalance = abalance + $1 WHERE aid = $2                                           | 10000
 example | UPDATE pgbench_branches SET bbalance = bbalance + $1 WHERE bid = $2                                           | 10000
 example | UPDATE pgbench_tellers SET tbalance = tbalance + $1 WHERE tid = $2                                            | 10000
 example | alter table pgbench_accounts add primary key (aid)                                                            |     1
 example | alter table pgbench_branches add primary key (bid)                                                            |     1
 example | alter table pgbench_tellers add primary key (tid)                                                             |     1
 example | begin                                                                                                         |     1
 example | commit                                                                                                        |     1
 example | copy pgbench_accounts from stdin                                                                              |     1
 example | create table pgbench_accounts(aid    int not null,bid int,abalance int,filler char(84)) with (fillfactor=100) |     1
 example | create table pgbench_branches(bid int not null,bbalance int,filler char(88)) with (fillfactor=100)            |     1
 example | create table pgbench_history(tid int,bid int,aid    int,delta int,mtime timestamp,filler char(22))            |     1
 example | create table pgbench_tellers(tid int not null,bid int,tbalance int,filler char(84)) with (fillfactor=100)     |     1
 example | drop table if exists pgbench_accounts, pgbench_branches, pgbench_history, pgbench_tellers                     |     1
 example | insert into pgbench_branches(bid,bbalance) values($1,$2)                                                      |   100
 example | insert into pgbench_tellers(tid,bid,tbalance) values ($1,$2,$3)                                               |  1000
(20 rows)

Drop extension pg_stat_monitor;
