DROP TABLE IF EXISTS Company;
NOTICE:  table "company" does not exist, skipping
CREATE TABLE Company(
   ID INT PRIMARY KEY     NOT NULL,
   NAME TEXT    NOT NULL
);
CREATE EXTENSION pg_stat_monitor;
SELECT pg_stat_monitor_reset();
 pg_stat_monitor_reset 
-----------------------
 
(1 row)

INSERT  INTO Company(ID, Name) VALUES (1, 'Percona'); 
INSERT  INTO Company(ID, Name) VALUES (1, 'Percona');  -- YB: output does not show detail
ERROR:  duplicate key value violates unique constraint "company_pkey"
DROP TABLE IF EXISTS Company;
SELECT query, elevel, sqlcode, message FROM pg_stat_monitor ORDER BY query COLLATE "C",elevel;
                         query                         | elevel | sqlcode |                            message                            
-------------------------------------------------------+--------+---------+---------------------------------------------------------------
 DROP TABLE IF EXISTS Company                          |      0 |         | 
 INSERT  INTO Company(ID, Name) VALUES (1, 'Percona')  |      0 |         | 
 INSERT  INTO Company(ID, Name) VALUES (1, 'Percona'); |     21 | 23505   | duplicate key value violates unique constraint "company_pkey"
 SELECT pg_stat_monitor_reset()                        |      0 |         | 
(4 rows)

SELECT pg_stat_monitor_reset();
 pg_stat_monitor_reset 
-----------------------
 
(1 row)

DROP EXTENSION pg_stat_monitor;
