CREATE EXTENSION pg_stat_monitor;
SELECT pg_stat_monitor_reset();
 pg_stat_monitor_reset 
-----------------------
 
(1 row)

SELECT name, setting, unit, context, vartype, source, min_val, max_val, enumvals, boot_val, reset_val, pending_restart FROM pg_settings WHERE name='pg_stat_monitor.pgsm_histogram_buckets';
                  name                  | setting | unit |  context   | vartype | source  | min_val | max_val | enumvals | boot_val | reset_val | pending_restart 
----------------------------------------+---------+------+------------+---------+---------+---------+---------+----------+----------+-----------+-----------------
 pg_stat_monitor.pgsm_histogram_buckets | 20      |      | postmaster | integer | default | 2       | 50      |          | 20       | 20        | f
(1 row)

SELECT pg_stat_monitor_reset();
 pg_stat_monitor_reset 
-----------------------
 
(1 row)

SELECT name, setting, unit, context, vartype, source, min_val, max_val, enumvals, boot_val, reset_val, pending_restart FROM pg_settings WHERE name='pg_stat_monitor.pgsm_histogram_buckets';
                  name                  | setting | unit |  context   | vartype | source  | min_val | max_val | enumvals | boot_val | reset_val | pending_restart 
----------------------------------------+---------+------+------------+---------+---------+---------+---------+----------+----------+-----------+-----------------
 pg_stat_monitor.pgsm_histogram_buckets | 20      |      | postmaster | integer | default | 2       | 50      |          | 20       | 20        | f
(1 row)

SELECT pg_stat_monitor_reset();
 pg_stat_monitor_reset 
-----------------------
 
(1 row)

SELECT name, setting, unit, context, vartype, source, min_val, max_val, enumvals, boot_val, reset_val, pending_restart FROM pg_settings WHERE name='pg_stat_monitor.pgsm_histogram_buckets';
                  name                  | setting | unit |  context   | vartype | source  | min_val | max_val | enumvals | boot_val | reset_val | pending_restart 
----------------------------------------+---------+------+------------+---------+---------+---------+---------+----------+----------+-----------+-----------------
 pg_stat_monitor.pgsm_histogram_buckets | 20      |      | postmaster | integer | default | 2       | 50      |          | 20       | 20        | f
(1 row)

SELECT pg_stat_monitor_reset();
 pg_stat_monitor_reset 
-----------------------
 
(1 row)

SELECT name, setting, unit, context, vartype, source, min_val, max_val, enumvals, boot_val, reset_val, pending_restart FROM pg_settings WHERE name='pg_stat_monitor.pgsm_histogram_buckets';
                  name                  | setting | unit |  context   | vartype |       source       | min_val | max_val | enumvals | boot_val | reset_val | pending_restart 
----------------------------------------+---------+------+------------+---------+--------------------+---------+---------+----------+----------+-----------+-----------------
 pg_stat_monitor.pgsm_histogram_buckets | 10      |      | postmaster | integer | configuration file | 2       | 50      |          | 20       | 10        | f
(1 row)

SELECT pg_stat_monitor_reset();
 pg_stat_monitor_reset 
-----------------------
 
(1 row)

SELECT name, setting, unit, context, vartype, source, min_val, max_val, enumvals, boot_val, reset_val, pending_restart FROM pg_settings WHERE name='pg_stat_monitor.pgsm_histogram_buckets';
                  name                  | setting | unit |  context   | vartype |       source       | min_val | max_val | enumvals | boot_val | reset_val | pending_restart 
----------------------------------------+---------+------+------------+---------+--------------------+---------+---------+----------+----------+-----------+-----------------
 pg_stat_monitor.pgsm_histogram_buckets | 5       |      | postmaster | integer | configuration file | 2       | 50      |          | 20       | 5         | f
(1 row)

SELECT pg_stat_monitor_reset();
 pg_stat_monitor_reset 
-----------------------
 
(1 row)

SELECT name, setting, unit, context, vartype, source, min_val, max_val, enumvals, boot_val, reset_val, pending_restart FROM pg_settings WHERE name='pg_stat_monitor.pgsm_histogram_buckets';
                  name                  | setting | unit |  context   | vartype | source  | min_val | max_val | enumvals | boot_val | reset_val | pending_restart 
----------------------------------------+---------+------+------------+---------+---------+---------+---------+----------+----------+-----------+-----------------
 pg_stat_monitor.pgsm_histogram_buckets | 20      |      | postmaster | integer | default | 2       | 50      |          | 20       | 20        | f
(1 row)

DROP EXTENSION pg_stat_monitor;
