\c colocation_test
CALL TEST_reset();
-- Verify that temporary objects are allowed but not captured.
CREATE TEMP TABLE temp_foo(i int PRIMARY KEY);
-- Verify that colocated tables are allowed.
CREATE TABLE coloc_foo(i int PRIMARY KEY);
SELECT yb_data FROM yb_xcluster_ddl_replication.ddl_queue ORDER BY ddl_end_time;
                                                                                                                yb_data                                                                                                                 
----------------------------------------------------------------------------------------------------------------------------------------------------------------------------------------------------------------------------------------
 {"user": "yugabyte", "query": "CREATE TABLE coloc_foo(i int PRIMARY KEY);", "schema": "public", "version": 1, "command_tag": "CREATE TABLE", "new_rel_map": [{"rel_name": "coloc_foo", "relfile_oid": 16414, "colocation_id": 20001}]}
(1 row)

-- Verify that non-colocated table is captured.
CREATE TABLE non_coloc_foo(i int PRIMARY KEY) WITH (COLOCATION = false);
SELECT yb_data FROM yb_xcluster_ddl_replication.ddl_queue ORDER BY ddl_end_time;
                                                                                                                     yb_data                                                                                                                      
--------------------------------------------------------------------------------------------------------------------------------------------------------------------------------------------------------------------------------------------------
 {"user": "yugabyte", "query": "CREATE TABLE coloc_foo(i int PRIMARY KEY);", "schema": "public", "version": 1, "command_tag": "CREATE TABLE", "new_rel_map": [{"rel_name": "coloc_foo", "relfile_oid": 16414, "colocation_id": 20001}]}
 {"user": "yugabyte", "query": "CREATE TABLE non_coloc_foo(i int PRIMARY KEY) WITH (COLOCATION = false);", "schema": "public", "version": 1, "command_tag": "CREATE TABLE", "new_rel_map": [{"rel_name": "non_coloc_foo", "relfile_oid": 16419}]}
(2 rows)

SELECT yb_data FROM yb_xcluster_ddl_replication.replicated_ddls ORDER BY ddl_end_time;
                                        yb_data                                        
---------------------------------------------------------------------------------------
 {"query": "CREATE TABLE coloc_foo(i int PRIMARY KEY);"}
 {"query": "CREATE TABLE non_coloc_foo(i int PRIMARY KEY) WITH (COLOCATION = false);"}
(2 rows)

select * from TEST_verify_replicated_ddls();
 test_verify_replicated_ddls 
-----------------------------
 t
(1 row)

