CALL TEST_reset();
SELECT yb_xcluster_ddl_replication.get_replication_role();
 get_replication_role 
----------------------
 source
(1 row)

-- Test dropping mix of temp and regular tables.
CREATE TEMP TABLE temp_foo(i int PRIMARY KEY);
CREATE TABLE foo(i int PRIMARY KEY);
DROP TABLE temp_foo, foo; -- should fail
ERROR:  cannot drop temporary and permanent objects in one command
DETAIL:  This database is being replicated using xCluster automatic mode, which does not support DDLs that simultaneously drop both temporary and permanent objects.
HINT:  Drop the temporary objects separately from the permanent ones using multiple commands.
DROP TABLE foo, temp_foo; -- should fail
ERROR:  cannot drop temporary and permanent objects in one command
DETAIL:  This database is being replicated using xCluster automatic mode, which does not support DDLs that simultaneously drop both temporary and permanent objects.
HINT:  Drop the temporary objects separately from the permanent ones using multiple commands.
DROP TABLE temp_foo;
DROP TABLE foo;
SELECT yb_data FROM TEST_filtered_ddl_queue() ORDER BY ddl_end_time;
                                                                                                                                                                                                                                          yb_data                                                                                                                                                                                                                                          
-------------------------------------------------------------------------------------------------------------------------------------------------------------------------------------------------------------------------------------------------------------------------------------------------------------------------------------------------------------------------------------------------------------------------------------------------------------------------------------------
 {"user": "yugabyte", "query": "CREATE TABLE foo(i int PRIMARY KEY)", "schema": "public", "version": 1, "variables": {"TimeZone": "America/Los_Angeles", "DateStyle": "Postgres, MDY", "IntervalStyle": "postgres_verbose", "default_tablespace": "", "check_function_bodies": "on", "standard_conforming_strings": "on", "yb_use_hash_splitting_by_default": "on"}, "command_tag": "CREATE TABLE", "new_rel_map": [{"rel_name": "foo", "relfile_oid": "***", "rel_namespace": "public"}]}
 {"user": "yugabyte", "query": "DROP TABLE foo", "schema": "public", "version": 1, "variables": {"TimeZone": "America/Los_Angeles", "DateStyle": "Postgres, MDY", "IntervalStyle": "postgres_verbose", "default_tablespace": "", "check_function_bodies": "on", "standard_conforming_strings": "on", "yb_use_hash_splitting_by_default": "on"}, "command_tag": "DROP TABLE"}
(2 rows)

